<?xml version="1.0" encoding="UTF-8"?>
<!-- Generated by org.testng.reporters.JUnitReportReporter -->
<testsuite hostname="DESKTOP-7OO510B" failures="0" tests="4" name="com.fashion.testcases.SentimentAnalysercicd" time="40.335" errors="0" timestamp="2025-09-19T16:22:34 IST" skipped="0">
  <testcase classname="com.fashion.testcases.SentimentAnalysercicd" name="loginFunctionality" time="2.931"/>
  <testcase classname="com.fashion.testcases.SentimentAnalysercicd" name="testenterTextAndGenerateResult" time="18.971"/>
  <testcase classname="com.fashion.testcases.SentimentAnalysercicd" name="validationForEmptyUpload" time="3.582"/>
  <testcase classname="com.fashion.testcases.SentimentAnalysercicd" name="singleUploadImage" time="14.851"/>
</testsuite> <!-- com.fashion.testcases.SentimentAnalysercicd -->
