<?xml version="1.0" encoding="UTF-8"?>
<!-- Generated by org.testng.reporters.JUnitReportReporter -->
<testsuite hostname="DESKTOP-KKRP6TL" failures="0" tests="1" name="com.fashion.testcases.TC_LoginPage" time="1.654" errors="0" timestamp="2025-08-22T21:33:12 IST" skipped="0">
  <testcase classname="com.fashion.testcases.TC_LoginPage" name="verifyLogin" time="1.654"/>
</testsuite> <!-- com.fashion.testcases.TC_LoginPage -->
