<?xml version="1.0" encoding="UTF-8"?>
<!-- Generated by org.testng.reporters.JUnitReportReporter -->
<testsuite hostname="DESKTOP-KKRP6TL" failures="0" tests="5" name="ich.LoginIch" time="18.821" errors="0" timestamp="2025-06-11T20:21:26 IST" skipped="2">
  <testcase classname="ich.LoginIch" name="loginTestWithInValid" time="6.902"/>
  <testcase classname="ich.LoginIch" name="loginValidation" time="2.540"/>
  <testcase classname="ich.LoginIch" name="loginTestWithValid" time="9.379"/>
  <testcase classname="ich.LoginIch" name="loginHover">
    <skipped/>
  </testcase> <!-- loginHover -->
  <testcase classname="ich.LoginIch" name="eyeAlignment">
    <skipped/>
  </testcase> <!-- eyeAlignment -->
</testsuite> <!-- ich.LoginIch -->
