<?xml version="1.0" encoding="UTF-8"?>
<!-- Generated by org.testng.reporters.JUnitReportReporter -->
<testsuite hostname="DESKTOP-KKRP6TL" failures="0" tests="4" name="ich.TextGenerator" time="137.372" errors="0" timestamp="2025-06-15T17:09:36 IST" skipped="0">
  <testcase classname="ich.TextGenerator" name="loginFunctioanlity" time="11.155"/>
  <testcase classname="ich.TextGenerator" name="testEnterTextAndGenerateResult" time="47.612"/>
  <testcase classname="ich.TextGenerator" name="testClearAllAndCopy" time="50.684"/>
  <testcase classname="ich.TextGenerator" name="singleUploadImage" time="27.921"/>
</testsuite> <!-- ich.TextGenerator -->
