<?xml version="1.0" encoding="UTF-8"?>
<!-- Generated by org.testng.reporters.JUnitReportReporter -->
<testsuite hostname="DESKTOP-KKRP6TL" failures="0" tests="2" name="ich.Logout" time="13.023" errors="0" timestamp="2025-06-11T11:31:13 IST" skipped="0">
  <testcase classname="ich.Logout" name="loginFunctioanlity" time="8.674"/>
  <testcase classname="ich.Logout" name="logoutTest" time="4.349"/>
</testsuite> <!-- ich.Logout -->
