<?xml version="1.0" encoding="UTF-8"?>
<!-- Generated by org.testng.reporters.JUnitReportReporter -->
<testsuite hostname="DESKTOP-7OO510B" failures="0" tests="2" name="com.fashion.testcases.Trendscicd" time="12.476" errors="0" timestamp="2025-09-19T22:54:39 IST" skipped="0">
  <testcase classname="com.fashion.testcases.Trendscicd" name="loginFunctionality" time="0.375"/>
  <testcase classname="com.fashion.testcases.Trendscicd" name="openTrendsPage" time="12.101"/>
</testsuite> <!-- com.fashion.testcases.Trendscicd -->
