<?xml version="1.0" encoding="UTF-8"?>
<!-- Generated by org.testng.reporters.JUnitReportReporter -->
<testsuite hostname="DESKTOP-KKRP6TL" failures="0" tests="10" name="ich.DesingerPageNG" time="157.975" errors="0" timestamp="2025-06-15T17:09:37 IST" skipped="1">
  <testcase classname="ich.DesingerPageNG" name="loginFunctioanlity" time="23.158"/>
  <testcase classname="ich.DesingerPageNG" name="preferenceArrow" time="15.259"/>
  <testcase classname="ich.DesingerPageNG" name="testDropdown" time="16.557"/>
  <testcase classname="ich.DesingerPageNG" name="imageSearch" time="26.854"/>
  <testcase classname="ich.DesingerPageNG" name="textSearch" time="18.785"/>
  <testcase classname="ich.DesingerPageNG" name="functionality_downlaodAndCopy" time="17.198"/>
  <testcase classname="ich.DesingerPageNG" name="addToBoard" time="6.012"/>
  <testcase classname="ich.DesingerPageNG" name="createBoard" time="17.175"/>
  <testcase classname="ich.DesingerPageNG" name="createBoardValidation" time="16.977"/>
  <testcase classname="ich.DesingerPageNG" name="testClickOnEachNavigatio">
    <skipped/>
  </testcase> <!-- testClickOnEachNavigatio -->
</testsuite> <!-- ich.DesingerPageNG -->
