<?xml version="1.0" encoding="UTF-8"?>
<!-- Generated by org.testng.reporters.JUnitReportReporter -->
<testsuite hostname="DESKTOP-KKRP6TL" failures="0" tests="3" name="crossbrowser.Forgot" time="22.492" errors="0" timestamp="2025-08-21T16:24:25 IST" skipped="0">
  <testcase classname="crossbrowser.Forgot" name="validation" time="3.747"/>
  <testcase classname="crossbrowser.Forgot" name="forgotPass" time="9.022"/>
  <testcase classname="crossbrowser.Forgot" name="enteredWrongEmail" time="9.723"/>
</testsuite> <!-- crossbrowser.Forgot -->
