<?xml version="1.0" encoding="UTF-8"?>
<!-- Generated by org.testng.reporters.JUnitReportReporter -->
<testsuite hostname="DESKTOP-7OO510B" failures="0" tests="2" name="com.fashion.testcases.TC_LoginPage" time="4.016" errors="0" timestamp="2025-09-17T17:58:51 IST" skipped="0">
  <testcase classname="com.fashion.testcases.TC_LoginPage" name="verifyLogin" time="2.601"/>
  <testcase classname="com.fashion.testcases.TC_LoginPage" name="verifyLoginwithinvalidcredentials" time="1.415"/>
</testsuite> <!-- com.fashion.testcases.TC_LoginPage -->
