<?xml version="1.0" encoding="UTF-8"?>
<!-- Generated by org.testng.reporters.JUnitReportReporter -->
<testsuite hostname="DESKTOP-KKRP6TL" failures="0" tests="8" name="ich.TrendSnapshot" time="36.355" errors="0" timestamp="2025-06-15T17:09:37 IST" skipped="1">
  <testcase classname="ich.TrendSnapshot" name="loginFunctioanlity" time="2.126"/>
  <testcase classname="ich.TrendSnapshot" name="testSearch" time="2.119"/>
  <testcase classname="ich.TrendSnapshot" name="testClickSnapshot" time="8.102"/>
  <testcase classname="ich.TrendSnapshot" name="testDownlaod" time="4.025"/>
  <testcase classname="ich.TrendSnapshot" name="testDelete" time="3.246"/>
  <testcase classname="ich.TrendSnapshot" name="testClose" time="9.466"/>
  <testcase classname="ich.TrendSnapshot" name="testOverallGraph" time="7.271"/>
  <testcase classname="ich.TrendSnapshot" name="arrow">
    <skipped/>
  </testcase> <!-- arrow -->
</testsuite> <!-- ich.TrendSnapshot -->
