<?xml version="1.0" encoding="UTF-8"?>
<!-- Generated by org.testng.reporters.JUnitReportReporter -->
<testsuite hostname="DESKTOP-KKRP6TL" failures="0" tests="5" name="ich.Invite" time="7.859" errors="0" timestamp="2025-06-11T23:00:36 IST" skipped="4">
  <testcase classname="ich.Invite" name="loginFunctioanlity" time="7.859"/>
  <testcase classname="ich.Invite" name="validationForEmptyFields">
    <skipped/>
  </testcase> <!-- validationForEmptyFields -->
  <testcase classname="ich.Invite" name="editMember">
    <skipped/>
  </testcase> <!-- editMember -->
  <testcase classname="ich.Invite" name="inviteAndAddNext">
    <skipped/>
  </testcase> <!-- inviteAndAddNext -->
  <testcase classname="ich.Invite" name="inviteAndClose">
    <skipped/>
  </testcase> <!-- inviteAndClose -->
</testsuite> <!-- ich.Invite -->
