<?xml version="1.0" encoding="UTF-8"?>
<!-- Generated by org.testng.reporters.JUnitReportReporter -->
<testsuite hostname="DESKTOP-7OO510B" failures="0" tests="2" name="com.fashion.testcases.Targetsourcecicd" time="4.012" errors="0" timestamp="2025-09-17T13:05:43 IST" skipped="0">
  <testcase classname="com.fashion.testcases.Targetsourcecicd" name="loginFunctioanlity" time="2.570"/>
  <testcase classname="com.fashion.testcases.Targetsourcecicd" name="searchSource" time="1.442"/>
</testsuite> <!-- com.fashion.testcases.Targetsourcecicd -->
