<?xml version="1.0" encoding="UTF-8"?>
<!-- Generated by org.testng.reporters.JUnitReportReporter -->
<testsuite hostname="DESKTOP-KKRP6TL" failures="0" tests="4" name="ich.SaveFilter" time="74.843" errors="0" timestamp="2025-06-15T17:09:37 IST" skipped="0">
  <testcase classname="ich.SaveFilter" name="loginFunctioanlity" time="11.492"/>
  <testcase classname="ich.SaveFilter" name="saveFilter" time="5.453"/>
  <testcase classname="ich.SaveFilter" name="enabledSaveFilter" time="28.056"/>
  <testcase classname="ich.SaveFilter" name="viewFilter" time="29.842"/>
</testsuite> <!-- ich.SaveFilter -->
