<?xml version="1.0" encoding="UTF-8"?>
<!-- Generated by org.testng.reporters.JUnitReportReporter -->
<testsuite hostname="DESKTOP-7OO510B" failures="0" tests="2" name="com.fashion.testcases.Targetsourcecicd" time="4.019" errors="0" timestamp="2025-09-17T13:18:41 IST" skipped="0">
  <testcase classname="com.fashion.testcases.Targetsourcecicd" name="loginFunctioanlity" time="1.898"/>
  <testcase classname="com.fashion.testcases.Targetsourcecicd" name="searchSource" time="2.121"/>
</testsuite> <!-- com.fashion.testcases.Targetsourcecicd -->
