<?xml version="1.0" encoding="UTF-8"?>
<!-- Generated by org.testng.reporters.JUnitReportReporter -->
<testsuite hostname="DESKTOP-KKRP6TL" failures="0" tests="1" name="crossbrowser.Login" time="12.444" errors="0" timestamp="2025-08-21T16:09:13 IST" skipped="0">
  <testcase classname="crossbrowser.Login" name="loginTestWithValid" time="12.444"/>
</testsuite> <!-- crossbrowser.Login -->
