<?xml version="1.0" encoding="UTF-8"?>
<!-- Generated by org.testng.reporters.JUnitReportReporter -->
<testsuite hostname="DESKTOP-7OO510B" failures="0" tests="2" name="com.fashion.testcases.Targetsourcecicd" time="4.503" errors="0" timestamp="2025-09-15T17:44:02 IST" skipped="0">
  <testcase classname="com.fashion.testcases.Targetsourcecicd" name="loginFunctioanlity" time="2.863"/>
  <testcase classname="com.fashion.testcases.Targetsourcecicd" name="searchSource" time="1.640"/>
</testsuite> <!-- com.fashion.testcases.Targetsourcecicd -->
