<?xml version="1.0" encoding="UTF-8"?>
<!-- Generated by org.testng.reporters.JUnitReportReporter -->
<testsuite hostname="DESKTOP-KKRP6TL" failures="0" tests="2" name="ich.ForgotPassword" time="10.142" errors="0" timestamp="2025-06-15T17:09:37 IST" skipped="0">
  <testcase classname="ich.ForgotPassword" name="validation" time="3.383"/>
  <testcase classname="ich.ForgotPassword" name="forgotPass" time="6.759"/>
</testsuite> <!-- ich.ForgotPassword -->
